{"C:\\Users\\danie\\Desktop\\daniel\\Cruzeiro do Sul\\2_ANO\\09_2026 _Tecnicas_de_Programacao\\app.js": {"path":"C:\\Users\\danie\\Desktop\\daniel\\Cruzeiro do Sul\\2_ANO\\09_2026 _Tecnicas_de_Programacao\\app.js","statementMap":{"0":{"start":{"line":1,"column":16},"end":{"line":1,"column":34}},"1":{"start":{"line":2,"column":29},"end":{"line":2,"column":57}},"2":{"start":{"line":4,"column":12},"end":{"line":4,"column":21}},"3":{"start":{"line":6,"column":0},"end":{"line":9,"column":3}},"4":{"start":{"line":7,"column":16},"end":{"line":7,"column":39}},"5":{"start":{"line":8,"column":1},"end":{"line":8,"column":44}},"6":{"start":{"line":11,"column":0},"end":{"line":11,"column":21}}},"fnMap":{"0":{"name":"(anonymous_0)","decl":{"start":{"line":6,"column":53},"end":{"line":6,"column":54}},"loc":{"start":{"line":6,"column":67},"end":{"line":9,"column":1}},"line":6}},"branchMap":{},"s":{"0":1,"1":1,"2":1,"3":1,"4":1,"5":1,"6":1},"f":{"0":1},"b":{},"_coverageSchema":"1a1c01bbd47fc00a2c39e90264f33305004495a9","hash":"a58d0a39015a0815f6031feb1a6c90da6fd03971"}
,"C:\\Users\\danie\\Desktop\\daniel\\Cruzeiro do Sul\\2_ANO\\09_2026 _Tecnicas_de_Programacao\\validateDecimal.js": {"path":"C:\\Users\\danie\\Desktop\\daniel\\Cruzeiro do Sul\\2_ANO\\09_2026 _Tecnicas_de_Programacao\\validateDecimal.js","statementMap":{"0":{"start":{"line":1,"column":29},"end":{"line":8,"column":2}},"1":{"start":{"line":2,"column":19},"end":{"line":2,"column":51}},"2":{"start":{"line":3,"column":4},"end":{"line":5,"column":4}},"3":{"start":{"line":4,"column":5},"end":{"line":4,"column":71}},"4":{"start":{"line":6,"column":4},"end":{"line":6,"column":26}},"5":{"start":{"line":7,"column":3},"end":{"line":7,"column":10}},"6":{"start":{"line":9,"column":2},"end":{"line":9,"column":40}}},"fnMap":{"0":{"name":"(anonymous_0)","decl":{"start":{"line":1,"column":29},"end":{"line":1,"column":30}},"loc":{"start":{"line":1,"column":49},"end":{"line":8,"column":2}},"line":1}},"branchMap":{"0":{"loc":{"start":{"line":3,"column":4},"end":{"line":5,"column":4}},"type":"if","locations":[{"start":{"line":3,"column":4},"end":{"line":5,"column":4}},{"start":{},"end":{}}],"line":3}},"s":{"0":1,"1":2,"2":2,"3":1,"4":1,"5":1,"6":1},"f":{"0":2},"b":{"0":[1,1]},"_coverageSchema":"1a1c01bbd47fc00a2c39e90264f33305004495a9","hash":"62391d2338b60171dfe320b3c823e2abc4bbb961"}
}
